[debug] [2024-10-23T03:00:31.679Z] ----------------------------------------------------------------------
[debug] [2024-10-23T03:00:31.681Z] Command:       C:\Program Files\nodejs\node.exe C:\Users\Admin\AppData\Roaming\npm\node_modules\firebase-tools\lib\bin\firebase.js functions:shell
[debug] [2024-10-23T03:00:31.681Z] CLI Version:   13.22.1
[debug] [2024-10-23T03:00:31.681Z] Platform:      win32
[debug] [2024-10-23T03:00:31.681Z] Node Version:  v20.13.1
[debug] [2024-10-23T03:00:31.681Z] Time:          Wed Oct 23 2024 10:00:31 GMT+0700 (Indochina Time)
[debug] [2024-10-23T03:00:31.682Z] ----------------------------------------------------------------------
[debug] 
[debug] [2024-10-23T03:00:31.741Z] > command requires scopes: ["email","openid","https://www.googleapis.com/auth/cloudplatformprojects.readonly","https://www.googleapis.com/auth/firebase","https://www.googleapis.com/auth/cloud-platform"]
[debug] [2024-10-23T03:00:31.741Z] > authorizing via signed-in user (21211tt0203@mail.tdc.edu.vn)
[debug] [2024-10-23T03:00:31.741Z] [iam] checking project terrianfirefly for permissions ["firebase.projects.get"]
[debug] [2024-10-23T03:00:31.742Z] Checked if tokens are valid: false, expires at: 1729651937966
[debug] [2024-10-23T03:00:31.742Z] Checked if tokens are valid: false, expires at: 1729651937966
[debug] [2024-10-23T03:00:31.743Z] > refreshing access token with scopes: []
[debug] [2024-10-23T03:00:31.744Z] >>> [apiv2][query] POST https://www.googleapis.com/oauth2/v3/token [none]
[debug] [2024-10-23T03:00:31.744Z] >>> [apiv2][body] POST https://www.googleapis.com/oauth2/v3/token [omitted]
[debug] [2024-10-23T03:00:32.175Z] <<< [apiv2][status] POST https://www.googleapis.com/oauth2/v3/token 200
[debug] [2024-10-23T03:00:32.175Z] <<< [apiv2][body] POST https://www.googleapis.com/oauth2/v3/token [omitted]
[debug] [2024-10-23T03:00:32.184Z] >>> [apiv2][query] POST https://cloudresourcemanager.googleapis.com/v1/projects/terrianfirefly:testIamPermissions [none]
[debug] [2024-10-23T03:00:32.184Z] >>> [apiv2][(partial)header] POST https://cloudresourcemanager.googleapis.com/v1/projects/terrianfirefly:testIamPermissions x-goog-quota-user=projects/terrianfirefly
[debug] [2024-10-23T03:00:32.184Z] >>> [apiv2][body] POST https://cloudresourcemanager.googleapis.com/v1/projects/terrianfirefly:testIamPermissions {"permissions":["firebase.projects.get"]}
[debug] [2024-10-23T03:00:33.299Z] <<< [apiv2][status] POST https://cloudresourcemanager.googleapis.com/v1/projects/terrianfirefly:testIamPermissions 200
[debug] [2024-10-23T03:00:33.300Z] <<< [apiv2][body] POST https://cloudresourcemanager.googleapis.com/v1/projects/terrianfirefly:testIamPermissions {"permissions":["firebase.projects.get"]}
[debug] [2024-10-23T03:00:33.305Z] [functions] Functions Emulator only supports listening on one address (127.0.0.1). Not listening on ::1
[debug] [2024-10-23T03:00:33.307Z] defaultcredentials: writing to file C:\Users\Admin\AppData\Roaming\firebase\21211tt0203_mail_tdc.edu.vn_application_default_credentials.json
[debug] [2024-10-23T03:00:33.308Z] DEBUG: Setting GAC to C:\Users\Admin\AppData\Roaming\firebase\21211tt0203_mail_tdc.edu.vn_application_default_credentials.json
[debug] [2024-10-23T03:00:33.310Z] Checked if tokens are valid: true, expires at: 1729656031175
[debug] [2024-10-23T03:00:33.310Z] Checked if tokens are valid: true, expires at: 1729656031175
[debug] [2024-10-23T03:00:33.310Z] >>> [apiv2][query] GET https://firebase.googleapis.com/v1beta1/projects/terrianfirefly/adminSdkConfig [none]
[debug] [2024-10-23T03:00:34.697Z] <<< [apiv2][status] GET https://firebase.googleapis.com/v1beta1/projects/terrianfirefly/adminSdkConfig 200
[debug] [2024-10-23T03:00:34.697Z] <<< [apiv2][body] GET https://firebase.googleapis.com/v1beta1/projects/terrianfirefly/adminSdkConfig {"projectId":"terrianfirefly","databaseURL":"https://terrianfirefly-default-rtdb.firebaseio.com","storageBucket":"terrianfirefly.appspot.com","locationId":"us-central"}
[debug] [2024-10-23T03:00:34.711Z] [functions] Watching "D:\CDDD\TerrianFirefly\functions" for Cloud Functions...
[debug] [2024-10-23T03:00:34.714Z] Validating nodejs source
[warn] !  functions: package.json indicates an outdated version of firebase-functions. Please upgrade using npm install --save firebase-functions@latest in your functions directory. 
[warn] !  functions: Please note that there will be breaking changes when you upgrade. 
[debug] [2024-10-23T03:00:35.953Z] > [functions] package.json contents: {
  "name": "functions",
  "description": "Cloud Functions for Firebase",
  "scripts": {
    "lint": "eslint .",
    "serve": "firebase emulators:start --only functions",
    "shell": "firebase functions:shell",
    "start": "npm run shell",
    "deploy": "firebase deploy --only functions",
    "logs": "firebase functions:log"
  },
  "engines": {
    "node": "18"
  },
  "main": "index.js",
  "dependencies": {
    "firebase-admin": "^12.1.0",
    "firebase-functions": "^5.0.0",
    "nodemailer": "^6.9.15"
  },
  "devDependencies": {
    "eslint": "^8.15.0",
    "eslint-config-google": "^0.14.0",
    "firebase-functions-test": "^3.1.0"
  },
  "private": true
}
[debug] [2024-10-23T03:00:35.953Z] Building nodejs source
[debug] [2024-10-23T03:00:35.954Z] Failed to find version of module node: reached end of search path D:\CDDD\TerrianFirefly\functions\node_modules
[warn] !  functions: Your requested "node" version "18" doesn't match your global version "20". Using node@20 from host. 
[debug] [2024-10-23T03:00:35.956Z] Could not find functions.yaml. Must use http discovery
[debug] [2024-10-23T03:00:35.966Z] Found firebase-functions binary at 'D:\CDDD\TerrianFirefly\functions\node_modules\.bin\firebase-functions'
[info] Serving at port 8859

[debug] [2024-10-23T03:00:36.723Z] Got response from /__/functions.yaml {"endpoints":{"sendVerificationCode":{"platform":"gcfv1","labels":{},"availableMemoryMb":null,"timeoutSeconds":null,"minInstances":null,"maxInstances":null,"ingressSettings":null,"serviceAccountEmail":null,"vpc":null,"callableTrigger":{},"entryPoint":"sendVerificationCode"}},"specVersion":"v1alpha1","requiredAPIs":[],"extensions":{}}
[debug] [2024-10-23T03:00:41.755Z] [functions] Loaded functions definitions from source: sendVerificationCode.
[debug] [2024-10-23T03:00:41.755Z] [functions[us-central1-sendVerificationCode]] http function initialized (http://127.0.0.1:5000/terrianfirefly/us-central1/sendVerificationCode).
[info] i  functions: Loaded functions: sendVerificationCode 
[warn] !  functions: The following emulators are not running, calls to these services will affect production: firestore, database, pubsub, storage, eventarc, tasks 
